<?xml version="1.0" encoding="UTF-8"?>
<Site BuildName="Linux-c++"
	BuildStamp="20250912-1059-Experimental"
	Name="LinuxPC"
	Generator="ctest-4.1.1"
	CompilerName="/usr/bin/c++"
	CompilerVersion="15.2.1"
	OSName="Linux"
	Hostname="LinuxPC"
	OSRelease="6.16.6-3-cachyos"
	OSVersion="#1 SMP PREEMPT_DYNAMIC Wed, 10 Sep 2025 21:41:52 +0000"
	OSPlatform="x86_64"
	Is64Bits="1"
	VendorString="GenuineIntel"
	VendorID="Intel Corporation"
	FamilyID="6"
	ModelID="165"
	ModelName="Intel(R) Core(TM) i5-10300H CPU @ 2.50GHz"
	ProcessorCacheSize="8192"
	NumberOfLogicalCPU="8"
	NumberOfPhysicalCPU="4"
	TotalVirtualMemory="19764"
	TotalPhysicalMemory="19765"
	LogicalProcessorsPerPhysical="2"
	ProcessorClockFrequency="2599.76"
	>
	<Testing>
		<StartDateTime>Sep 12 12:59 CEST</StartDateTime>
		<StartTestTime>1757674754</StartTestTime>
		<TestList/>
		<EndDateTime>Sep 12 12:59 CEST</EndDateTime>
		<EndTestTime>1757674754</EndTestTime>
		<ElapsedMinutes>0</ElapsedMinutes>
	</Testing>
</Site>
